<?xml version="1.0" encoding="UTF-8"?>
<testsuite xmlns:xsi="http://www.w3.org/2001/XMLSchema-instance" xsi:noNamespaceSchemaLocation="https://maven.apache.org/surefire/maven-surefire-plugin/xsd/surefire-test-report.xsd" name="com.Karate.TestRunner" time="11.8" tests="2" errors="0" skipped="0" failures="0">
  <properties>
[...]
</properties>
  <testcase name="[1:2] Search Lead" classname="[Tests]" time="0.002"/>
  <testcase name="[2:7] Testing a POST endpoint with request body" classname="[Tests]" time="0"/>
</testsuite>